<?xml version="1.0" encoding="UTF-8"?>
<!-- Generated by org.testng.reporters.JUnitReportReporter -->
<testsuite hostname="LAPTOP-FMH6F0D6" failures="0" tests="4" name="com.employeeapi.testCases.TC001_Get_All_Employees" time="0.060" errors="0" timestamp="2022-01-26T16:23:25 IST" skipped="0">
  <testcase classname="com.employeeapi.testCases.TC001_Get_All_Employees" name="checkStatusLine" time="0.007"/>
  <system-out/>
  <testcase classname="com.employeeapi.testCases.TC001_Get_All_Employees" name="getStatusCode" time="0.013"/>
  <system-out/>
  <testcase classname="com.employeeapi.testCases.TC001_Get_All_Employees" name="checkResponseBody" time="0.033"/>
  <system-out/>
  <testcase classname="com.employeeapi.testCases.TC001_Get_All_Employees" name="checkResponseTime" time="0.007"/>
  <system-out/>
</testsuite> <!-- com.employeeapi.testCases.TC001_Get_All_Employees -->
